<?xml version="1.0" encoding="UTF-8"?>
<!-- Generated by org.testng.reporters.JUnitXMLReporter -->
<testsuite hostname="MQDSNR06-PC" ignored="0" name="Default test" tests="4" failures="0" timestamp="2020-01-29T01:59:15 IST" time="14.862" errors="0">
  <testcase name="Ranford_homepage" time="0.015" classname="extend_reports_testng.NewTest"/>
  <testcase name="Admin_login" time="0.731" classname="extend_reports_testng.NewTest"/>
  <testcase name="branch_creation" time="1.425" classname="extend_reports_testng.NewTest"/>
  <testcase name="Role_creation" time="1.938" classname="extend_reports_testng.NewTest"/>
</testsuite> <!-- Default test -->
